#
# There is insufficient memory for the Java Runtime Environment to continue.
# Native memory allocation (mmap) failed to map 65536 bytes for Failed to commit metaspace.
# Possible reasons:
#   The system is out of physical RAM or swap space
#   The process is running with CompressedOops enabled, and the Java Heap may be blocking the growth of the native heap
# Possible solutions:
#   Reduce memory load on the system
#   Increase physical memory or swap space
#   Check if swap backing store is full
#   Decrease Java heap size (-Xmx/-Xms)
#   Decrease number of Java threads
#   Decrease Java thread stack sizes (-Xss)
#   Set larger code cache with -XX:ReservedCodeCacheSize=
#   JVM is running with Unscaled Compressed Oops mode in which the Java heap is
#     placed in the first 4GB address space. The Java Heap base address is the
#     maximum limit for the native heap growth. Please use -XX:HeapBaseMinAddress
#     to set the Java Heap base and to place the Java Heap above 4GB virtual address.
# This output file may be truncated or incomplete.
#
#  Out of Memory Error (virtualSpaceNode.cpp:108), pid=38296, tid=41772
#
# JRE version: OpenJDK Runtime Environment (16.0+36) (build 16+36-2231)
# Java VM: OpenJDK 64-Bit Server VM (16+36-2231, mixed mode, sharing, tiered, compressed oops, g1 gc, windows-amd64)
# No core dump will be written. Minidumps are not enabled by default on client versions of Windows
#

---------------  S U M M A R Y ------------

Command Line: g56531.chess.view.TextView

Host: AMD Ryzen 5 3500U with Radeon Vega Mobile Gfx  , 8 cores, 6G,  Windows 10 , 64 bit Build 22000 (10.0.22000.434)
Time: Mon Mar 28 19:51:07 2022 Romance Summer Time elapsed time: 0.056701 seconds (0d 0h 0m 0s)

---------------  T H R E A D  ---------------

Current thread (0x000001db27200200):  JavaThread "C1 CompilerThread0" daemon [_thread_in_vm, id=41772, stack(0x0000002f91500000,0x0000002f91600000)]


Current CompileTask:
C1:     56   15       3       java.util.Objects::requireNonNull (14 bytes)

Stack: [0x0000002f91500000,0x0000002f91600000]
Native frames: (J=compiled Java code, j=interpreted, Vv=VM code, C=native code)
V  [jvm.dll+0x6681da]
V  [jvm.dll+0x7c9d99]
V  [jvm.dll+0x7cb4d3]
V  [jvm.dll+0x7cbb33]
V  [jvm.dll+0x242ee5]
V  [jvm.dll+0x7c642b]
V  [jvm.dll+0x60de46]
V  [jvm.dll+0x60deaa]
V  [jvm.dll+0x6104da]
V  [jvm.dll+0x60e741]
V  [jvm.dll+0x6200fa]
V  [jvm.dll+0x618fda]
V  [jvm.dll+0x1caffc]
V  [jvm.dll+0x1cb1e9]
V  [jvm.dll+0x132b1e]
V  [jvm.dll+0x132e49]
V  [jvm.dll+0x1322af]
V  [jvm.dll+0x134071]
V  [jvm.dll+0x225398]
V  [jvm.dll+0x2233dc]
V  [jvm.dll+0x77f9e2]
V  [jvm.dll+0x77952a]
V  [jvm.dll+0x667076]
C  [ucrtbase.dll+0x26c0c]
C  [KERNEL32.DLL+0x154e0]
C  [ntdll.dll+0x485b]


---------------  P R O C E S S  ---------------

Threads class SMR info:
_java_thread_list=0x000001db271ef880, length=10, elements={
0x000001db09b7d320, 0x000001db271d6dd0, 0x000001db271d7a90, 0x000001db271eda80,
0x000001db271ee390, 0x000001db271eeca0, 0x000001db271f15c0, 0x000001db271f77f0,
0x000001db27200200, 0x000001db2720cf80
}

Java Threads: ( => current thread )
  0x000001db09b7d320 JavaThread "main" [_thread_in_vm, id=24260, stack(0x0000002f90700000,0x0000002f90800000)]
  0x000001db271d6dd0 JavaThread "Reference Handler" daemon [_thread_blocked, id=9348, stack(0x0000002f90e00000,0x0000002f90f00000)]
  0x000001db271d7a90 JavaThread "Finalizer" daemon [_thread_blocked, id=10972, stack(0x0000002f90f00000,0x0000002f91000000)]
  0x000001db271eda80 JavaThread "Signal Dispatcher" daemon [_thread_blocked, id=25484, stack(0x0000002f91000000,0x0000002f91100000)]
  0x000001db271ee390 JavaThread "Attach Listener" daemon [_thread_blocked, id=32420, stack(0x0000002f91100000,0x0000002f91200000)]
  0x000001db271eeca0 JavaThread "Service Thread" daemon [_thread_blocked, id=41812, stack(0x0000002f91200000,0x0000002f91300000)]
  0x000001db271f15c0 JavaThread "Monitor Deflation Thread" daemon [_thread_blocked, id=36860, stack(0x0000002f91300000,0x0000002f91400000)]
  0x000001db271f77f0 JavaThread "C2 CompilerThread0" daemon [_thread_blocked, id=24728, stack(0x0000002f91400000,0x0000002f91500000)]
=>0x000001db27200200 JavaThread "C1 CompilerThread0" daemon [_thread_in_vm, id=41772, stack(0x0000002f91500000,0x0000002f91600000)]
  0x000001db2720cf80 JavaThread "Sweeper thread" daemon [_thread_blocked, id=30352, stack(0x0000002f91600000,0x0000002f91700000)]

Other Threads:
  0x000001db271d05c0 VMThread "VM Thread" [stack: 0x0000002f90d00000,0x0000002f90e00000] [id=6944]
  0x000001db09bb9410 GCTaskThread "GC Thread#0" [stack: 0x0000002f90800000,0x0000002f90900000] [id=14916]
  0x000001db09bc8150 ConcurrentGCThread "G1 Main Marker" [stack: 0x0000002f90900000,0x0000002f90a00000] [id=38812]
  0x000001db09bc8ac0 ConcurrentGCThread "G1 Conc#0" [stack: 0x0000002f90a00000,0x0000002f90b00000] [id=31048]
  0x000001db09c3be30 ConcurrentGCThread "G1 Refine#0" [stack: 0x0000002f90b00000,0x0000002f90c00000] [id=21924]
  0x000001db09c3dbc0 ConcurrentGCThread "G1 Service" [stack: 0x0000002f90c00000,0x0000002f90d00000] [id=42272]

Threads with active compile tasks:
C1 CompilerThread0       87   15       3       java.util.Objects::requireNonNull (14 bytes)

VM state: not at safepoint (normal execution)

VM Mutex/Monitor currently owned by a thread:  ([mutex/lock_event])
[0x000001db09b77b70] MetaspaceExpand_lock - owner thread: 0x000001db27200200
[0x000001db09b783e0] MethodData_lock - owner thread: 0x000001db27200200

Heap address: 0x0000000091000000, size: 1776 MB, Compressed Oops mode: 32-bit
CDS archive(s) mapped at: [0x0000000800000000-0x0000000800bb0000-0x0000000800bb0000), size 12255232, SharedBaseAddress: 0x0000000800000000, ArchiveRelocationMode: 0.
Compressed class space mapped at: 0x0000000800c00000-0x0000000840c00000, reserved size: 1073741824
Narrow klass base: 0x0000000800000000, Narrow klass shift: 3, Narrow klass range: 0x100000000

GC Precious Log:
 CPUs: 8 total, 8 available
 Memory: 7103M
 Large Page Support: Disabled
 NUMA Support: Disabled
 Compressed Oops: Enabled (32-bit)
 Heap Region Size: 1M
 Heap Min Capacity: 8M
 Heap Initial Capacity: 112M
 Heap Max Capacity: 1776M
 Pre-touch: Disabled
 Parallel Workers: 8
 Concurrent Workers: 2
 Concurrent Refinement Workers: 8
 Periodic GC: Disabled

Heap:
 garbage-first heap   total 114688K, used 0K [0x0000000091000000, 0x0000000100000000)
  region size 1024K, 1 young (1024K), 0 survivors (0K)
 Metaspace       used 64K, committed 128K, reserved 1056768K
  class space    used 0K, committed 64K, reserved 1048576K

Heap Regions: E=young(eden), S=young(survivor), O=old, HS=humongous(starts), HC=humongous(continues), CS=collection set, F=free, OA=open archive, CA=closed archive, TAMS=top-at-mark-start (previous, next)
|   0|0x0000000091000000, 0x0000000091000000, 0x0000000091100000|  0%| F|  |TAMS 0x0000000091000000, 0x0000000091000000| Untracked 
|   1|0x0000000091100000, 0x0000000091100000, 0x0000000091200000|  0%| F|  |TAMS 0x0000000091100000, 0x0000000091100000| Untracked 
|   2|0x0000000091200000, 0x0000000091200000, 0x0000000091300000|  0%| F|  |TAMS 0x0000000091200000, 0x0000000091200000| Untracked 
|   3|0x0000000091300000, 0x0000000091300000, 0x0000000091400000|  0%| F|  |TAMS 0x0000000091300000, 0x0000000091300000| Untracked 
|   4|0x0000000091400000, 0x0000000091400000, 0x0000000091500000|  0%| F|  |TAMS 0x0000000091400000, 0x0000000091400000| Untracked 
|   5|0x0000000091500000, 0x0000000091500000, 0x0000000091600000|  0%| F|  |TAMS 0x0000000091500000, 0x0000000091500000| Untracked 
|   6|0x0000000091600000, 0x0000000091600000, 0x0000000091700000|  0%| F|  |TAMS 0x0000000091600000, 0x0000000091600000| Untracked 
|   7|0x0000000091700000, 0x0000000091700000, 0x0000000091800000|  0%| F|  |TAMS 0x0000000091700000, 0x0000000091700000| Untracked 
|   8|0x0000000091800000, 0x0000000091800000, 0x0000000091900000|  0%| F|  |TAMS 0x0000000091800000, 0x0000000091800000| Untracked 
|   9|0x0000000091900000, 0x0000000091900000, 0x0000000091a00000|  0%| F|  |TAMS 0x0000000091900000, 0x0000000091900000| Untracked 
|  10|0x0000000091a00000, 0x0000000091a00000, 0x0000000091b00000|  0%| F|  |TAMS 0x0000000091a00000, 0x0000000091a00000| Untracked 
|  11|0x0000000091b00000, 0x0000000091b00000, 0x0000000091c00000|  0%| F|  |TAMS 0x0000000091b00000, 0x0000000091b00000| Untracked 
|  12|0x0000000091c00000, 0x0000000091c00000, 0x0000000091d00000|  0%| F|  |TAMS 0x0000000091c00000, 0x0000000091c00000| Untracked 
|  13|0x0000000091d00000, 0x0000000091d00000, 0x0000000091e00000|  0%| F|  |TAMS 0x0000000091d00000, 0x0000000091d00000| Untracked 
|  14|0x0000000091e00000, 0x0000000091e00000, 0x0000000091f00000|  0%| F|  |TAMS 0x0000000091e00000, 0x0000000091e00000| Untracked 
|  15|0x0000000091f00000, 0x0000000091f00000, 0x0000000092000000|  0%| F|  |TAMS 0x0000000091f00000, 0x0000000091f00000| Untracked 
|  16|0x0000000092000000, 0x0000000092000000, 0x0000000092100000|  0%| F|  |TAMS 0x0000000092000000, 0x0000000092000000| Untracked 
|  17|0x0000000092100000, 0x0000000092100000, 0x0000000092200000|  0%| F|  |TAMS 0x0000000092100000, 0x0000000092100000| Untracked 
|  18|0x0000000092200000, 0x0000000092200000, 0x0000000092300000|  0%| F|  |TAMS 0x0000000092200000, 0x0000000092200000| Untracked 
|  19|0x0000000092300000, 0x0000000092300000, 0x0000000092400000|  0%| F|  |TAMS 0x0000000092300000, 0x0000000092300000| Untracked 
|  20|0x0000000092400000, 0x0000000092400000, 0x0000000092500000|  0%| F|  |TAMS 0x0000000092400000, 0x0000000092400000| Untracked 
|  21|0x0000000092500000, 0x0000000092500000, 0x0000000092600000|  0%| F|  |TAMS 0x0000000092500000, 0x0000000092500000| Untracked 
|  22|0x0000000092600000, 0x0000000092600000, 0x0000000092700000|  0%| F|  |TAMS 0x0000000092600000, 0x0000000092600000| Untracked 
|  23|0x0000000092700000, 0x0000000092700000, 0x0000000092800000|  0%| F|  |TAMS 0x0000000092700000, 0x0000000092700000| Untracked 
|  24|0x0000000092800000, 0x0000000092800000, 0x0000000092900000|  0%| F|  |TAMS 0x0000000092800000, 0x0000000092800000| Untracked 
|  25|0x0000000092900000, 0x0000000092900000, 0x0000000092a00000|  0%| F|  |TAMS 0x0000000092900000, 0x0000000092900000| Untracked 
|  26|0x0000000092a00000, 0x0000000092a00000, 0x0000000092b00000|  0%| F|  |TAMS 0x0000000092a00000, 0x0000000092a00000| Untracked 
|  27|0x0000000092b00000, 0x0000000092b00000, 0x0000000092c00000|  0%| F|  |TAMS 0x0000000092b00000, 0x0000000092b00000| Untracked 
|  28|0x0000000092c00000, 0x0000000092c00000, 0x0000000092d00000|  0%| F|  |TAMS 0x0000000092c00000, 0x0000000092c00000| Untracked 
|  29|0x0000000092d00000, 0x0000000092d00000, 0x0000000092e00000|  0%| F|  |TAMS 0x0000000092d00000, 0x0000000092d00000| Untracked 
|  30|0x0000000092e00000, 0x0000000092e00000, 0x0000000092f00000|  0%| F|  |TAMS 0x0000000092e00000, 0x0000000092e00000| Untracked 
|  31|0x0000000092f00000, 0x0000000092f00000, 0x0000000093000000|  0%| F|  |TAMS 0x0000000092f00000, 0x0000000092f00000| Untracked 
|  32|0x0000000093000000, 0x0000000093000000, 0x0000000093100000|  0%| F|  |TAMS 0x0000000093000000, 0x0000000093000000| Untracked 
|  33|0x0000000093100000, 0x0000000093100000, 0x0000000093200000|  0%| F|  |TAMS 0x0000000093100000, 0x0000000093100000| Untracked 
|  34|0x0000000093200000, 0x0000000093200000, 0x0000000093300000|  0%| F|  |TAMS 0x0000000093200000, 0x0000000093200000| Untracked 
|  35|0x0000000093300000, 0x0000000093300000, 0x0000000093400000|  0%| F|  |TAMS 0x0000000093300000, 0x0000000093300000| Untracked 
|  36|0x0000000093400000, 0x0000000093400000, 0x0000000093500000|  0%| F|  |TAMS 0x0000000093400000, 0x0000000093400000| Untracked 
|  37|0x0000000093500000, 0x0000000093500000, 0x0000000093600000|  0%| F|  |TAMS 0x0000000093500000, 0x0000000093500000| Untracked 
|  38|0x0000000093600000, 0x0000000093600000, 0x0000000093700000|  0%| F|  |TAMS 0x0000000093600000, 0x0000000093600000| Untracked 
|  39|0x0000000093700000, 0x0000000093700000, 0x0000000093800000|  0%| F|  |TAMS 0x0000000093700000, 0x0000000093700000| Untracked 
|  40|0x0000000093800000, 0x0000000093800000, 0x0000000093900000|  0%| F|  |TAMS 0x0000000093800000, 0x0000000093800000| Untracked 
|  41|0x0000000093900000, 0x0000000093900000, 0x0000000093a00000|  0%| F|  |TAMS 0x0000000093900000, 0x0000000093900000| Untracked 
|  42|0x0000000093a00000, 0x0000000093a00000, 0x0000000093b00000|  0%| F|  |TAMS 0x0000000093a00000, 0x0000000093a00000| Untracked 
|  43|0x0000000093b00000, 0x0000000093b00000, 0x0000000093c00000|  0%| F|  |TAMS 0x0000000093b00000, 0x0000000093b00000| Untracked 
|  44|0x0000000093c00000, 0x0000000093c00000, 0x0000000093d00000|  0%| F|  |TAMS 0x0000000093c00000, 0x0000000093c00000| Untracked 
|  45|0x0000000093d00000, 0x0000000093d00000, 0x0000000093e00000|  0%| F|  |TAMS 0x0000000093d00000, 0x0000000093d00000| Untracked 
|  46|0x0000000093e00000, 0x0000000093e00000, 0x0000000093f00000|  0%| F|  |TAMS 0x0000000093e00000, 0x0000000093e00000| Untracked 
|  47|0x0000000093f00000, 0x0000000093f00000, 0x0000000094000000|  0%| F|  |TAMS 0x0000000093f00000, 0x0000000093f00000| Untracked 
|  48|0x0000000094000000, 0x0000000094000000, 0x0000000094100000|  0%| F|  |TAMS 0x0000000094000000, 0x0000000094000000| Untracked 
|  49|0x0000000094100000, 0x0000000094100000, 0x0000000094200000|  0%| F|  |TAMS 0x0000000094100000, 0x0000000094100000| Untracked 
|  50|0x0000000094200000, 0x0000000094200000, 0x0000000094300000|  0%| F|  |TAMS 0x0000000094200000, 0x0000000094200000| Untracked 
|  51|0x0000000094300000, 0x0000000094300000, 0x0000000094400000|  0%| F|  |TAMS 0x0000000094300000, 0x0000000094300000| Untracked 
|  52|0x0000000094400000, 0x0000000094400000, 0x0000000094500000|  0%| F|  |TAMS 0x0000000094400000, 0x0000000094400000| Untracked 
|  53|0x0000000094500000, 0x0000000094500000, 0x0000000094600000|  0%| F|  |TAMS 0x0000000094500000, 0x0000000094500000| Untracked 
|  54|0x0000000094600000, 0x0000000094600000, 0x0000000094700000|  0%| F|  |TAMS 0x0000000094600000, 0x0000000094600000| Untracked 
|  55|0x0000000094700000, 0x0000000094700000, 0x0000000094800000|  0%| F|  |TAMS 0x0000000094700000, 0x0000000094700000| Untracked 
|  56|0x0000000094800000, 0x0000000094800000, 0x0000000094900000|  0%| F|  |TAMS 0x0000000094800000, 0x0000000094800000| Untracked 
|  57|0x0000000094900000, 0x0000000094900000, 0x0000000094a00000|  0%| F|  |TAMS 0x0000000094900000, 0x0000000094900000| Untracked 
|  58|0x0000000094a00000, 0x0000000094a00000, 0x0000000094b00000|  0%| F|  |TAMS 0x0000000094a00000, 0x0000000094a00000| Untracked 
|  59|0x0000000094b00000, 0x0000000094b00000, 0x0000000094c00000|  0%| F|  |TAMS 0x0000000094b00000, 0x0000000094b00000| Untracked 
|  60|0x0000000094c00000, 0x0000000094c00000, 0x0000000094d00000|  0%| F|  |TAMS 0x0000000094c00000, 0x0000000094c00000| Untracked 
|  61|0x0000000094d00000, 0x0000000094d00000, 0x0000000094e00000|  0%| F|  |TAMS 0x0000000094d00000, 0x0000000094d00000| Untracked 
|  62|0x0000000094e00000, 0x0000000094e00000, 0x0000000094f00000|  0%| F|  |TAMS 0x0000000094e00000, 0x0000000094e00000| Untracked 
|  63|0x0000000094f00000, 0x0000000094f00000, 0x0000000095000000|  0%| F|  |TAMS 0x0000000094f00000, 0x0000000094f00000| Untracked 
|  64|0x0000000095000000, 0x0000000095000000, 0x0000000095100000|  0%| F|  |TAMS 0x0000000095000000, 0x0000000095000000| Untracked 
|  65|0x0000000095100000, 0x0000000095100000, 0x0000000095200000|  0%| F|  |TAMS 0x0000000095100000, 0x0000000095100000| Untracked 
|  66|0x0000000095200000, 0x0000000095200000, 0x0000000095300000|  0%| F|  |TAMS 0x0000000095200000, 0x0000000095200000| Untracked 
|  67|0x0000000095300000, 0x0000000095300000, 0x0000000095400000|  0%| F|  |TAMS 0x0000000095300000, 0x0000000095300000| Untracked 
|  68|0x0000000095400000, 0x0000000095400000, 0x0000000095500000|  0%| F|  |TAMS 0x0000000095400000, 0x0000000095400000| Untracked 
|  69|0x0000000095500000, 0x0000000095500000, 0x0000000095600000|  0%| F|  |TAMS 0x0000000095500000, 0x0000000095500000| Untracked 
|  70|0x0000000095600000, 0x0000000095600000, 0x0000000095700000|  0%| F|  |TAMS 0x0000000095600000, 0x0000000095600000| Untracked 
|  71|0x0000000095700000, 0x0000000095700000, 0x0000000095800000|  0%| F|  |TAMS 0x0000000095700000, 0x0000000095700000| Untracked 
|  72|0x0000000095800000, 0x0000000095800000, 0x0000000095900000|  0%| F|  |TAMS 0x0000000095800000, 0x0000000095800000| Untracked 
|  73|0x0000000095900000, 0x0000000095900000, 0x0000000095a00000|  0%| F|  |TAMS 0x0000000095900000, 0x0000000095900000| Untracked 
|  74|0x0000000095a00000, 0x0000000095a00000, 0x0000000095b00000|  0%| F|  |TAMS 0x0000000095a00000, 0x0000000095a00000| Untracked 
|  75|0x0000000095b00000, 0x0000000095b00000, 0x0000000095c00000|  0%| F|  |TAMS 0x0000000095b00000, 0x0000000095b00000| Untracked 
|  76|0x0000000095c00000, 0x0000000095c00000, 0x0000000095d00000|  0%| F|  |TAMS 0x0000000095c00000, 0x0000000095c00000| Untracked 
|  77|0x0000000095d00000, 0x0000000095d00000, 0x0000000095e00000|  0%| F|  |TAMS 0x0000000095d00000, 0x0000000095d00000| Untracked 
|  78|0x0000000095e00000, 0x0000000095e00000, 0x0000000095f00000|  0%| F|  |TAMS 0x0000000095e00000, 0x0000000095e00000| Untracked 
|  79|0x0000000095f00000, 0x0000000095f00000, 0x0000000096000000|  0%| F|  |TAMS 0x0000000095f00000, 0x0000000095f00000| Untracked 
|  80|0x0000000096000000, 0x0000000096000000, 0x0000000096100000|  0%| F|  |TAMS 0x0000000096000000, 0x0000000096000000| Untracked 
|  81|0x0000000096100000, 0x0000000096100000, 0x0000000096200000|  0%| F|  |TAMS 0x0000000096100000, 0x0000000096100000| Untracked 
|  82|0x0000000096200000, 0x0000000096200000, 0x0000000096300000|  0%| F|  |TAMS 0x0000000096200000, 0x0000000096200000| Untracked 
|  83|0x0000000096300000, 0x0000000096300000, 0x0000000096400000|  0%| F|  |TAMS 0x0000000096300000, 0x0000000096300000| Untracked 
|  84|0x0000000096400000, 0x0000000096400000, 0x0000000096500000|  0%| F|  |TAMS 0x0000000096400000, 0x0000000096400000| Untracked 
|  85|0x0000000096500000, 0x0000000096500000, 0x0000000096600000|  0%| F|  |TAMS 0x0000000096500000, 0x0000000096500000| Untracked 
|  86|0x0000000096600000, 0x0000000096600000, 0x0000000096700000|  0%| F|  |TAMS 0x0000000096600000, 0x0000000096600000| Untracked 
|  87|0x0000000096700000, 0x0000000096700000, 0x0000000096800000|  0%| F|  |TAMS 0x0000000096700000, 0x0000000096700000| Untracked 
|  88|0x0000000096800000, 0x0000000096800000, 0x0000000096900000|  0%| F|  |TAMS 0x0000000096800000, 0x0000000096800000| Untracked 
|  89|0x0000000096900000, 0x0000000096900000, 0x0000000096a00000|  0%| F|  |TAMS 0x0000000096900000, 0x0000000096900000| Untracked 
|  90|0x0000000096a00000, 0x0000000096a00000, 0x0000000096b00000|  0%| F|  |TAMS 0x0000000096a00000, 0x0000000096a00000| Untracked 
|  91|0x0000000096b00000, 0x0000000096b00000, 0x0000000096c00000|  0%| F|  |TAMS 0x0000000096b00000, 0x0000000096b00000| Untracked 
|  92|0x0000000096c00000, 0x0000000096c00000, 0x0000000096d00000|  0%| F|  |TAMS 0x0000000096c00000, 0x0000000096c00000| Untracked 
|  93|0x0000000096d00000, 0x0000000096d00000, 0x0000000096e00000|  0%| F|  |TAMS 0x0000000096d00000, 0x0000000096d00000| Untracked 
|  94|0x0000000096e00000, 0x0000000096e00000, 0x0000000096f00000|  0%| F|  |TAMS 0x0000000096e00000, 0x0000000096e00000| Untracked 
|  95|0x0000000096f00000, 0x0000000096f00000, 0x0000000097000000|  0%| F|  |TAMS 0x0000000096f00000, 0x0000000096f00000| Untracked 
|  96|0x0000000097000000, 0x0000000097000000, 0x0000000097100000|  0%| F|  |TAMS 0x0000000097000000, 0x0000000097000000| Untracked 
|  97|0x0000000097100000, 0x0000000097100000, 0x0000000097200000|  0%| F|  |TAMS 0x0000000097100000, 0x0000000097100000| Untracked 
|  98|0x0000000097200000, 0x0000000097200000, 0x0000000097300000|  0%| F|  |TAMS 0x0000000097200000, 0x0000000097200000| Untracked 
|  99|0x0000000097300000, 0x0000000097300000, 0x0000000097400000|  0%| F|  |TAMS 0x0000000097300000, 0x0000000097300000| Untracked 
| 100|0x0000000097400000, 0x0000000097400000, 0x0000000097500000|  0%| F|  |TAMS 0x0000000097400000, 0x0000000097400000| Untracked 
| 101|0x0000000097500000, 0x0000000097500000, 0x0000000097600000|  0%| F|  |TAMS 0x0000000097500000, 0x0000000097500000| Untracked 
| 102|0x0000000097600000, 0x0000000097600000, 0x0000000097700000|  0%| F|  |TAMS 0x0000000097600000, 0x0000000097600000| Untracked 
| 103|0x0000000097700000, 0x0000000097700000, 0x0000000097800000|  0%| F|  |TAMS 0x0000000097700000, 0x0000000097700000| Untracked 
| 104|0x0000000097800000, 0x0000000097800000, 0x0000000097900000|  0%| F|  |TAMS 0x0000000097800000, 0x0000000097800000| Untracked 
| 105|0x0000000097900000, 0x0000000097900000, 0x0000000097a00000|  0%| F|  |TAMS 0x0000000097900000, 0x0000000097900000| Untracked 
| 106|0x0000000097a00000, 0x0000000097a00000, 0x0000000097b00000|  0%| F|  |TAMS 0x0000000097a00000, 0x0000000097a00000| Untracked 
| 107|0x0000000097b00000, 0x0000000097b00000, 0x0000000097c00000|  0%| F|  |TAMS 0x0000000097b00000, 0x0000000097b00000| Untracked 
| 108|0x0000000097c00000, 0x0000000097c00000, 0x0000000097d00000|  0%| F|  |TAMS 0x0000000097c00000, 0x0000000097c00000| Untracked 
| 109|0x0000000097d00000, 0x0000000097d00000, 0x0000000097e00000|  0%| F|  |TAMS 0x0000000097d00000, 0x0000000097d00000| Untracked 
| 110|0x0000000097e00000, 0x0000000097e00000, 0x0000000097f00000|  0%| F|  |TAMS 0x0000000097e00000, 0x0000000097e00000| Untracked 
| 111|0x0000000097f00000, 0x0000000097feb928, 0x0000000098000000| 92%| E|  |TAMS 0x0000000097f00000, 0x0000000097f00000| Complete 

Card table byte_map: [0x000001db209a0000,0x000001db20d20000] _byte_map_base: 0x000001db20518000

Marking Bits (Prev, Next): (CMBitMap*) 0x000001db09bb9980, (CMBitMap*) 0x000001db09bb99c0
 Prev Bits: [0x000001db210a0000, 0x000001db22c60000)
 Next Bits: [0x000001db22c60000, 0x000001db24820000)

Polling page: 0x000001db07b30000

Metaspace:

Usage:
  Non-class:     63.73 KB used.
      Class:    992 bytes used.
       Both:     64.70 KB used.

Virtual space:
  Non-class space:        8.00 MB reserved,      64.00 KB ( <1%) committed,  1 nodes.
      Class space:        1.00 GB reserved,      64.00 KB ( <1%) committed,  1 nodes.
              Both:        1.01 GB reserved,     128.00 KB ( <1%) committed. 

Chunk freelists:
   Non-Class:  0 bytes
       Class:  3.75 MB
        Both:  3.75 MB

MaxMetaspaceSize: 17179869184.00 GB
CompressedClassSpaceSize: 1.00 GB
 - commit_granule_bytes: 65536.
 - commit_granule_words: 8192.
 - virtual_space_node_default_size: 1048576.
 - enlarge_chunks_in_place: 1.
 - new_chunks_are_fully_committed: 0.
 - uncommit_free_chunks: 1.
 - use_allocation_guard: 0.
 - handle_deallocations: 1.


Internal statistics:

num_allocs_failed_limit: 0.
num_arena_births: 2.
num_arena_deaths: 0.
num_vsnodes_births: 2.
num_vsnodes_deaths: 0.
num_space_committed: 2.
num_space_uncommitted: 0.
num_chunks_returned_to_freelist: 0.
num_chunks_taken_from_freelist: 3.
num_chunk_merges: 0.
num_chunk_splits: 1.
num_chunks_enlarged: 0.
num_purges: 0.

CodeHeap 'non-profiled nmethods': size=120000Kb used=0Kb max_used=0Kb free=120000Kb
 bounds [0x000001db18dc0000, 0x000001db19030000, 0x000001db202f0000]
CodeHeap 'profiled nmethods': size=120000Kb used=19Kb max_used=19Kb free=119980Kb
 bounds [0x000001db11890000, 0x000001db11b00000, 0x000001db18dc0000]
CodeHeap 'non-nmethods': size=5760Kb used=1046Kb max_used=1060Kb free=4713Kb
 bounds [0x000001db112f0000, 0x000001db11560000, 0x000001db11890000]
 total_blobs=313 nmethods=14 adapters=212
 compilation: enabled
              stopped_count=0, restarted_count=0
 full_count=0

Compilation events (20 events):
Event: 0.042 Thread 0x000001db27200200 nmethod 6 0x000001db11891190 code [0x000001db11891380, 0x000001db118918f8]
Event: 0.042 Thread 0x000001db27200200    5       3       java.lang.Math::floorMod (20 bytes)
Event: 0.043 Thread 0x000001db27200200 nmethod 5 0x000001db11891b10 code [0x000001db11891ca0, 0x000001db11891e38]
Event: 0.043 Thread 0x000001db27200200    7       3       java.lang.String::charAt (25 bytes)
Event: 0.043 Thread 0x000001db27200200 nmethod 7 0x000001db11891f10 code [0x000001db11892100, 0x000001db11892638]
Event: 0.043 Thread 0x000001db27200200    8       3       java.lang.String::equals (50 bytes)
Event: 0.044 Thread 0x000001db27200200 nmethod 8 0x000001db11892890 code [0x000001db11892a60, 0x000001db11892ec8]
Event: 0.044 Thread 0x000001db27200200    9       3       java.lang.StringLatin1::equals (36 bytes)
Event: 0.044 Thread 0x000001db27200200 nmethod 9 0x000001db11892f90 code [0x000001db11893140, 0x000001db118933f8]
Event: 0.044 Thread 0x000001db27200200   10       3       java.util.ImmutableCollections$SetN::hashCode (46 bytes)
Event: 0.044 Thread 0x000001db27200200 nmethod 10 0x000001db11893510 code [0x000001db118936c0, 0x000001db118939a8]
Event: 0.044 Thread 0x000001db27200200   11       3       java.util.Objects::equals (23 bytes)
Event: 0.045 Thread 0x000001db27200200 nmethod 11 0x000001db11893b10 code [0x000001db11893cc0, 0x000001db11893f48]
Event: 0.045 Thread 0x000001db27200200   12       3       java.util.Set::of (4 bytes)
Event: 0.045 Thread 0x000001db27200200 nmethod 12 0x000001db11894010 code [0x000001db118941a0, 0x000001db11894298]
Event: 0.045 Thread 0x000001db27200200   13       3       java.lang.module.ModuleDescriptor$Exports::<init> (20 bytes)
Event: 0.045 Thread 0x000001db27200200 nmethod 13 0x000001db11894310 code [0x000001db118944c0, 0x000001db11894738]
Event: 0.045 Thread 0x000001db27200200   14       3       java.lang.module.ModuleDescriptor$Exports::hashCode (38 bytes)
Event: 0.045 Thread 0x000001db27200200 nmethod 14 0x000001db11894810 code [0x000001db118949e0, 0x000001db11894d08]
Event: 0.045 Thread 0x000001db27200200   15       3       java.util.Objects::requireNonNull (14 bytes)

GC Heap History (0 events):
No events

Deoptimization events (0 events):
No events

Classes unloaded (0 events):
No events

Classes redefined (0 events):
No events

Internal exceptions (0 events):
No events

Events (11 events):
Event: 0.010 Loaded shared library D:\Program Files\jdk-16\bin\java.dll
Event: 0.022 Thread 0x000001db09b7d320 Thread added: 0x000001db09b7d320
Event: 0.025 Thread 0x000001db271d6dd0 Thread added: 0x000001db271d6dd0
Event: 0.026 Thread 0x000001db271d7a90 Thread added: 0x000001db271d7a90
Event: 0.037 Thread 0x000001db271eda80 Thread added: 0x000001db271eda80
Event: 0.037 Thread 0x000001db271ee390 Thread added: 0x000001db271ee390
Event: 0.037 Thread 0x000001db271eeca0 Thread added: 0x000001db271eeca0
Event: 0.037 Thread 0x000001db271f15c0 Thread added: 0x000001db271f15c0
Event: 0.037 Thread 0x000001db271f77f0 Thread added: 0x000001db271f77f0
Event: 0.037 Thread 0x000001db27200200 Thread added: 0x000001db27200200
Event: 0.037 Thread 0x000001db2720cf80 Thread added: 0x000001db2720cf80


Dynamic libraries:
0x00007ff7e3dc0000 - 0x00007ff7e3dce000 	D:\Program Files\jdk-16\bin\java.exe
0x00007ffc78f20000 - 0x00007ffc79129000 	C:\WINDOWS\SYSTEM32\ntdll.dll
0x00007ffc776a0000 - 0x00007ffc7775d000 	C:\WINDOWS\System32\KERNEL32.DLL
0x00007ffc76530000 - 0x00007ffc768a4000 	C:\WINDOWS\System32\KERNELBASE.dll
0x00007ffc768b0000 - 0x00007ffc769c1000 	C:\WINDOWS\System32\ucrtbase.dll
0x00007ffc72670000 - 0x00007ffc72689000 	D:\Program Files\jdk-16\bin\VCRUNTIME140.dll
0x00007ffc64fc0000 - 0x00007ffc64fd8000 	D:\Program Files\jdk-16\bin\jli.dll
0x00007ffc77d70000 - 0x00007ffc77f1c000 	C:\WINDOWS\System32\USER32.dll
0x00007ffc592e0000 - 0x00007ffc59585000 	C:\WINDOWS\WinSxS\amd64_microsoft.windows.common-controls_6595b64144ccf1df_6.0.22000.120_none_9d947278b86cc467\COMCTL32.dll
0x00007ffc76d20000 - 0x00007ffc76d46000 	C:\WINDOWS\System32\win32u.dll
0x00007ffc775f0000 - 0x00007ffc77693000 	C:\WINDOWS\System32\msvcrt.dll
0x00007ffc76dc0000 - 0x00007ffc76de9000 	C:\WINDOWS\System32\GDI32.dll
0x00007ffc769d0000 - 0x00007ffc76ae2000 	C:\WINDOWS\System32\gdi32full.dll
0x00007ffc76410000 - 0x00007ffc764ad000 	C:\WINDOWS\System32\msvcp_win.dll
0x00007ffc77b60000 - 0x00007ffc77b91000 	C:\WINDOWS\System32\IMM32.DLL
0x00007ffc72690000 - 0x00007ffc7269c000 	D:\Program Files\jdk-16\bin\vcruntime140_1.dll
0x00007ffc565f0000 - 0x00007ffc56681000 	D:\Program Files\jdk-16\bin\msvcp140.dll
0x00007ffbfd8d0000 - 0x00007ffbfe47b000 	D:\Program Files\jdk-16\bin\server\jvm.dll
0x00007ffc77760000 - 0x00007ffc7780e000 	C:\WINDOWS\System32\ADVAPI32.dll
0x00007ffc78e40000 - 0x00007ffc78ede000 	C:\WINDOWS\System32\sechost.dll
0x00007ffc76df0000 - 0x00007ffc76f10000 	C:\WINDOWS\System32\RPCRT4.dll
0x00007ffc77bb0000 - 0x00007ffc77bb8000 	C:\WINDOWS\System32\PSAPI.DLL
0x00007ffc733c0000 - 0x00007ffc733f3000 	C:\WINDOWS\SYSTEM32\WINMM.dll
0x00007ffc6e800000 - 0x00007ffc6e80a000 	C:\WINDOWS\SYSTEM32\VERSION.dll
0x00007ffc61470000 - 0x00007ffc61479000 	C:\WINDOWS\SYSTEM32\WSOCK32.dll
0x00007ffc76f10000 - 0x00007ffc76f7f000 	C:\WINDOWS\System32\WS2_32.dll
0x00007ffc75510000 - 0x00007ffc75528000 	C:\WINDOWS\SYSTEM32\kernel.appcore.dll
0x00007ffc72620000 - 0x00007ffc7262a000 	D:\Program Files\jdk-16\bin\jimage.dll
0x00007ffc73e80000 - 0x00007ffc740a1000 	C:\WINDOWS\SYSTEM32\DBGHELP.DLL
0x00007ffc6e3f0000 - 0x00007ffc6e421000 	C:\WINDOWS\SYSTEM32\dbgcore.DLL
0x00007ffc764b0000 - 0x00007ffc7652f000 	C:\WINDOWS\System32\bcryptPrimitives.dll
0x00007ffc6c770000 - 0x00007ffc6c795000 	D:\Program Files\jdk-16\bin\java.dll
0x00007ffc784c0000 - 0x00007ffc78c6e000 	C:\WINDOWS\System32\SHELL32.dll
0x00007ffc74580000 - 0x00007ffc74de7000 	C:\WINDOWS\SYSTEM32\windows.storage.dll
0x00007ffc77060000 - 0x00007ffc773d8000 	C:\WINDOWS\System32\combase.dll
0x00007ffc74410000 - 0x00007ffc74576000 	C:\WINDOWS\SYSTEM32\wintypes.dll
0x00007ffc773e0000 - 0x00007ffc774ca000 	C:\WINDOWS\System32\SHCORE.dll
0x00007ffc77930000 - 0x00007ffc7798d000 	C:\WINDOWS\System32\shlwapi.dll
0x00007ffc76340000 - 0x00007ffc76361000 	C:\WINDOWS\SYSTEM32\profapi.dll

dbghelp: loaded successfully - version: 4.0.5 - missing functions: none
symbol engine: initialized successfully - sym options: 0x614 - pdb path: .;D:\Program Files\jdk-16\bin;C:\WINDOWS\SYSTEM32;C:\WINDOWS\WinSxS\amd64_microsoft.windows.common-controls_6595b64144ccf1df_6.0.22000.120_none_9d947278b86cc467;D:\Program Files\jdk-16\bin\server

VM Arguments:
java_command: g56531.chess.view.TextView
java_class_path (initial): D:\Théo\dev2Projet\echecs-56531\chess-project\target\classes
Launcher Type: SUN_STANDARD

[Global flags]
     intx CICompilerCount                          = 4                                         {product} {ergonomic}
     uint ConcGCThreads                            = 2                                         {product} {ergonomic}
     uint G1ConcRefinementThreads                  = 8                                         {product} {ergonomic}
   size_t G1HeapRegionSize                         = 1048576                                   {product} {ergonomic}
    uintx GCDrainStackTargetSize                   = 64                                        {product} {ergonomic}
   size_t InitialHeapSize                          = 117440512                                 {product} {ergonomic}
   size_t MarkStackSize                            = 4194304                                   {product} {ergonomic}
   size_t MaxHeapSize                              = 1862270976                                {product} {ergonomic}
   size_t MaxNewSize                               = 1116733440                                {product} {ergonomic}
   size_t MinHeapDeltaBytes                        = 1048576                                   {product} {ergonomic}
   size_t MinHeapSize                              = 8388608                                   {product} {ergonomic}
    uintx NonNMethodCodeHeapSize                   = 5839372                                {pd product} {ergonomic}
    uintx NonProfiledCodeHeapSize                  = 122909434                              {pd product} {ergonomic}
    uintx ProfiledCodeHeapSize                     = 122909434                              {pd product} {ergonomic}
    uintx ReservedCodeCacheSize                    = 251658240                              {pd product} {ergonomic}
     bool SegmentedCodeCache                       = true                                      {product} {ergonomic}
   size_t SoftMaxHeapSize                          = 1862270976                             {manageable} {ergonomic}
     bool UseCompressedClassPointers               = true                           {product lp64_product} {ergonomic}
     bool UseCompressedOops                        = true                           {product lp64_product} {ergonomic}
     bool UseG1GC                                  = true                                      {product} {ergonomic}
     bool UseLargePagesIndividualAllocation        = false                                  {pd product} {ergonomic}

Logging:
Log output configuration:
 #0: stdout all=warning uptime,level,tags
 #1: stderr all=off uptime,level,tags

Environment Variables:
JAVA_HOME=D:\Program Files\jdk-16
PATH=C:\WINDOWS\system32;C:\WINDOWS;C:\WINDOWS\System32\Wbem;C:\WINDOWS\System32\WindowsPowerShell\v1.0\;C:\WINDOWS\System32\OpenSSH\;D:\Program Files\jdk-16\bin;D:\Program Files\VSCodium\bin;D:\Program Files\Git\cmd;C:\Users\larsi\AppData\Local\Microsoft\WindowsApps;
USERNAME=larsi
OS=Windows_NT
PROCESSOR_IDENTIFIER=AMD64 Family 23 Model 24 Stepping 1, AuthenticAMD



---------------  S Y S T E M  ---------------

OS:
 Windows 10 , 64 bit Build 22000 (10.0.22000.434)
OS uptime: 30 days 8:13 hours

CPU: total 8 (initial active 8) (8 cores per cpu, 2 threads per core) family 23 model 24 stepping 1 microcode 0x0, cx8, cmov, fxsr, ht, mmx, 3dnowpref, sse, sse2, sse3, ssse3, sse4a, sse4.1, sse4.2, popcnt, lzcnt, tsc, tscinvbit, avx, avx2, aes, clmul, bmi1, bmi2, adx, sha, fma, vzeroupper, clflush, clflushopt

Memory: 4k page, system-wide physical 7103M (473M free)
TotalPageFile size 17343M (AvailPageFile size 3M)
current process WorkingSet (physical memory assigned to process): 23M, peak: 23M
current process commit charge ("private bytes"): 191M, peak: 191M

vm_info: OpenJDK 64-Bit Server VM (16+36-2231) for windows-amd64 JRE (16+36-2231), built on Feb  8 2021 11:39:36 by "mach5one" with MS VC++ 16.7 (VS2019)

END.
