#
# There is insufficient memory for the Java Runtime Environment to continue.
# Native memory allocation (mmap) failed to map 117440512 bytes for G1 virtual space
# Possible reasons:
#   The system is out of physical RAM or swap space
#   The process is running with CompressedOops enabled, and the Java Heap may be blocking the growth of the native heap
# Possible solutions:
#   Reduce memory load on the system
#   Increase physical memory or swap space
#   Check if swap backing store is full
#   Decrease Java heap size (-Xmx/-Xms)
#   Decrease number of Java threads
#   Decrease Java thread stack sizes (-Xss)
#   Set larger code cache with -XX:ReservedCodeCacheSize=
#   JVM is running with Unscaled Compressed Oops mode in which the Java heap is
#     placed in the first 4GB address space. The Java Heap base address is the
#     maximum limit for the native heap growth. Please use -XX:HeapBaseMinAddress
#     to set the Java Heap base and to place the Java Heap above 4GB virtual address.
# This output file may be truncated or incomplete.
#
#  Out of Memory Error (os_windows.cpp:3466), pid=13672, tid=11652
#
# JRE version:  (16.0+36) (build )
# Java VM: OpenJDK 64-Bit Server VM (16+36-2231, mixed mode, sharing, tiered, compressed oops, g1 gc, windows-amd64)
# No core dump will be written. Minidumps are not enabled by default on client versions of Windows
#

---------------  S U M M A R Y ------------

Command Line: -Dclassworlds.conf=D:\Program Files\NetBeans-13\netbeans\java\maven\bin\m2.conf -Dmaven.home=D:\Program Files\NetBeans-13\netbeans\java\maven -Dlibrary.jansi.path=D:\Program Files\NetBeans-13\netbeans\java\maven\lib\jansi-native -Dmaven.multiModuleProjectDirectory=D:\Théo\dev2Projet\echecs-56531\chess-project org.codehaus.plexus.classworlds.launcher.Launcher -Dexec.vmArgs= -Dexec.args=${exec.vmArgs} -classpath %classpath ${exec.mainClass} ${exec.appArgs} -Dexec.appArgs= -Dexec.mainClass=com.mycompany.chess.project.ChessProject -Dexec.executable=D:\Program Files\jdk-16\bin\java.exe -Dmaven.ext.class.path=D:\Program Files\NetBeans-13\netbeans\java\maven-nblib\netbeans-eventspy.jar -Dfile.encoding=UTF-8 org.codehaus.mojo:exec-maven-plugin:3.0.0:exec

Host: AMD Ryzen 5 3500U with Radeon Vega Mobile Gfx  , 8 cores, 6G,  Windows 10 , 64 bit Build 22000 (10.0.22000.434)
Time: Mon Mar 28 19:54:10 2022 Romance Summer Time elapsed time: 0.012815 seconds (0d 0h 0m 0s)

---------------  T H R E A D  ---------------

Current thread (0x000001f209c3c410):  JavaThread "Unknown thread" [_thread_in_vm, id=11652, stack(0x0000002b6c200000,0x0000002b6c300000)]

Stack: [0x0000002b6c200000,0x0000002b6c300000]
Native frames: (J=compiled Java code, j=interpreted, Vv=VM code, C=native code)
V  [jvm.dll+0x6681da]
V  [jvm.dll+0x7c9d99]
V  [jvm.dll+0x7cb4d3]
V  [jvm.dll+0x7cbb33]
V  [jvm.dll+0x242ee5]
V  [jvm.dll+0x664f99]
V  [jvm.dll+0x659b85]
V  [jvm.dll+0x2fbfcb]
V  [jvm.dll+0x3031c6]
V  [jvm.dll+0x352a0e]
V  [jvm.dll+0x352c3f]
V  [jvm.dll+0x2d3038]
V  [jvm.dll+0x2d4274]
V  [jvm.dll+0x79c691]
V  [jvm.dll+0x3607b1]
V  [jvm.dll+0x77a370]
V  [jvm.dll+0x3e501f]
V  [jvm.dll+0x3e6af1]
C  [jli.dll+0x52fb]
C  [ucrtbase.dll+0x26c0c]
C  [KERNEL32.DLL+0x154e0]
C  [ntdll.dll+0x485b]


---------------  P R O C E S S  ---------------

Threads class SMR info:
_java_thread_list=0x00007ffbfe3dcbb8, length=0, elements={
}

Java Threads: ( => current thread )

Other Threads:
  0x000001f209c79c80 GCTaskThread "GC Thread#0" [stack: 0x0000002b6c300000,0x0000002b6c400000] [id=31664]
  0x000001f209c88bc0 ConcurrentGCThread "G1 Main Marker" [stack: 0x0000002b6c400000,0x0000002b6c500000] [id=37276]
  0x000001f209c8ade0 ConcurrentGCThread "G1 Conc#0" [stack: 0x0000002b6c500000,0x0000002b6c600000] [id=32444]

[error occurred during error reporting (printing all threads), id 0xc0000005, EXCEPTION_ACCESS_VIOLATION (0xc0000005) at pc=0x00007ffbfdbb3ef7]

VM state: not at safepoint (not fully initialized)

VM Mutex/Monitor currently owned by a thread:  ([mutex/lock_event])
[0x000001f209c39e20] Heap_lock - owner thread: 0x000001f209c3c410

Heap address: 0x0000000091000000, size: 1776 MB, Compressed Oops mode: 32-bit
CDS archive(s) mapped at: [0x0000000000000000-0x0000000000000000-0x0000000000000000), size 0, SharedBaseAddress: 0x0000000800000000, ArchiveRelocationMode: 0.
Narrow klass base: 0x0000000000000000, Narrow klass shift: 0, Narrow klass range: 0x0

GC Precious Log:
<Empty>

Heap:
 garbage-first heap   total 0K, used 0K [0x0000000091000000, 0x0000000100000000)
  region size 1024K, 0 young (0K), 0 survivors (0K)

[error occurred during error reporting (printing heap information), id 0xc0000005, EXCEPTION_ACCESS_VIOLATION (0xc0000005) at pc=0x00007ffbfdf91edd]

GC Heap History (0 events):
No events

Deoptimization events (0 events):
No events

Classes unloaded (0 events):
No events

Classes redefined (0 events):
No events

Internal exceptions (0 events):
No events

Events (1 events):
Event: 0.007 Loaded shared library D:\Program Files\jdk-16\bin\java.dll


Dynamic libraries:
0x00007ff7e3dc0000 - 0x00007ff7e3dce000 	D:\Program Files\jdk-16\bin\java.exe
0x00007ffc78f20000 - 0x00007ffc79129000 	C:\WINDOWS\SYSTEM32\ntdll.dll
0x00007ffc776a0000 - 0x00007ffc7775d000 	C:\WINDOWS\System32\KERNEL32.DLL
0x00007ffc76530000 - 0x00007ffc768a4000 	C:\WINDOWS\System32\KERNELBASE.dll
0x00007ffc768b0000 - 0x00007ffc769c1000 	C:\WINDOWS\System32\ucrtbase.dll
0x00007ffc64fc0000 - 0x00007ffc64fd8000 	D:\Program Files\jdk-16\bin\jli.dll
0x00007ffc72670000 - 0x00007ffc72689000 	D:\Program Files\jdk-16\bin\VCRUNTIME140.dll
0x00007ffc77d70000 - 0x00007ffc77f1c000 	C:\WINDOWS\System32\USER32.dll
0x00007ffc592e0000 - 0x00007ffc59585000 	C:\WINDOWS\WinSxS\amd64_microsoft.windows.common-controls_6595b64144ccf1df_6.0.22000.120_none_9d947278b86cc467\COMCTL32.dll
0x00007ffc76d20000 - 0x00007ffc76d46000 	C:\WINDOWS\System32\win32u.dll
0x00007ffc775f0000 - 0x00007ffc77693000 	C:\WINDOWS\System32\msvcrt.dll
0x00007ffc76dc0000 - 0x00007ffc76de9000 	C:\WINDOWS\System32\GDI32.dll
0x00007ffc769d0000 - 0x00007ffc76ae2000 	C:\WINDOWS\System32\gdi32full.dll
0x00007ffc76410000 - 0x00007ffc764ad000 	C:\WINDOWS\System32\msvcp_win.dll
0x00007ffc77b60000 - 0x00007ffc77b91000 	C:\WINDOWS\System32\IMM32.DLL
0x00007ffc72690000 - 0x00007ffc7269c000 	D:\Program Files\jdk-16\bin\vcruntime140_1.dll
0x00007ffc565f0000 - 0x00007ffc56681000 	D:\Program Files\jdk-16\bin\msvcp140.dll
0x00007ffbfd8d0000 - 0x00007ffbfe47b000 	D:\Program Files\jdk-16\bin\server\jvm.dll
0x00007ffc77760000 - 0x00007ffc7780e000 	C:\WINDOWS\System32\ADVAPI32.dll
0x00007ffc78e40000 - 0x00007ffc78ede000 	C:\WINDOWS\System32\sechost.dll
0x00007ffc76df0000 - 0x00007ffc76f10000 	C:\WINDOWS\System32\RPCRT4.dll
0x00007ffc77bb0000 - 0x00007ffc77bb8000 	C:\WINDOWS\System32\PSAPI.DLL
0x00007ffc6e800000 - 0x00007ffc6e80a000 	C:\WINDOWS\SYSTEM32\VERSION.dll
0x00007ffc733c0000 - 0x00007ffc733f3000 	C:\WINDOWS\SYSTEM32\WINMM.dll
0x00007ffc61470000 - 0x00007ffc61479000 	C:\WINDOWS\SYSTEM32\WSOCK32.dll
0x00007ffc76f10000 - 0x00007ffc76f7f000 	C:\WINDOWS\System32\WS2_32.dll
0x00007ffc75510000 - 0x00007ffc75528000 	C:\WINDOWS\SYSTEM32\kernel.appcore.dll
0x00007ffc72620000 - 0x00007ffc7262a000 	D:\Program Files\jdk-16\bin\jimage.dll
0x00007ffc73e80000 - 0x00007ffc740a1000 	C:\WINDOWS\SYSTEM32\DBGHELP.DLL
0x00007ffc6e3f0000 - 0x00007ffc6e421000 	C:\WINDOWS\SYSTEM32\dbgcore.DLL
0x00007ffc764b0000 - 0x00007ffc7652f000 	C:\WINDOWS\System32\bcryptPrimitives.dll
0x00007ffc6c770000 - 0x00007ffc6c795000 	D:\Program Files\jdk-16\bin\java.dll

dbghelp: loaded successfully - version: 4.0.5 - missing functions: none
symbol engine: initialized successfully - sym options: 0x614 - pdb path: .;D:\Program Files\jdk-16\bin;C:\WINDOWS\SYSTEM32;C:\WINDOWS\WinSxS\amd64_microsoft.windows.common-controls_6595b64144ccf1df_6.0.22000.120_none_9d947278b86cc467;D:\Program Files\jdk-16\bin\server

VM Arguments:
jvm_args: -Dclassworlds.conf=D:\Program Files\NetBeans-13\netbeans\java\maven\bin\m2.conf -Dmaven.home=D:\Program Files\NetBeans-13\netbeans\java\maven -Dlibrary.jansi.path=D:\Program Files\NetBeans-13\netbeans\java\maven\lib\jansi-native -Dmaven.multiModuleProjectDirectory=D:\Théo\dev2Projet\echecs-56531\chess-project 
java_command: org.codehaus.plexus.classworlds.launcher.Launcher -Dexec.vmArgs= -Dexec.args=${exec.vmArgs} -classpath %classpath ${exec.mainClass} ${exec.appArgs} -Dexec.appArgs= -Dexec.mainClass=com.mycompany.chess.project.ChessProject -Dexec.executable=D:\Program Files\jdk-16\bin\java.exe -Dmaven.ext.class.path=D:\Program Files\NetBeans-13\netbeans\java\maven-nblib\netbeans-eventspy.jar -Dfile.encoding=UTF-8 org.codehaus.mojo:exec-maven-plugin:3.0.0:exec
java_class_path (initial): D:\Program Files\NetBeans-13\netbeans\java\maven\boot\plexus-classworlds-2.6.0.jar
Launcher Type: SUN_STANDARD

[Global flags]
     intx CICompilerCount                          = 4                                         {product} {ergonomic}
     uint ConcGCThreads                            = 2                                         {product} {ergonomic}
     uint G1ConcRefinementThreads                  = 8                                         {product} {ergonomic}
   size_t G1HeapRegionSize                         = 1048576                                   {product} {ergonomic}
    uintx GCDrainStackTargetSize                   = 64                                        {product} {ergonomic}
   size_t InitialHeapSize                          = 117440512                                 {product} {ergonomic}
   size_t MarkStackSize                            = 4194304                                   {product} {ergonomic}
   size_t MaxHeapSize                              = 1862270976                                {product} {ergonomic}
   size_t MinHeapDeltaBytes                        = 1048576                                   {product} {ergonomic}
   size_t MinHeapSize                              = 8388608                                   {product} {ergonomic}
    uintx NonNMethodCodeHeapSize                   = 5839372                                {pd product} {ergonomic}
    uintx NonProfiledCodeHeapSize                  = 122909434                              {pd product} {ergonomic}
    uintx ProfiledCodeHeapSize                     = 122909434                              {pd product} {ergonomic}
    uintx ReservedCodeCacheSize                    = 251658240                              {pd product} {ergonomic}
     bool SegmentedCodeCache                       = true                                      {product} {ergonomic}
   size_t SoftMaxHeapSize                          = 1862270976                             {manageable} {ergonomic}
     bool UseCompressedClassPointers               = true                           {product lp64_product} {ergonomic}
     bool UseCompressedOops                        = true                           {product lp64_product} {ergonomic}
     bool UseG1GC                                  = true                                      {product} {ergonomic}
     bool UseLargePagesIndividualAllocation        = false                                  {pd product} {ergonomic}

Logging:
Log output configuration:
 #0: stdout all=warning uptime,level,tags
 #1: stderr all=off uptime,level,tags

Environment Variables:
JAVA_HOME=D:\Program Files\jdk-16
PATH=C:\WINDOWS\system32;C:\WINDOWS;C:\WINDOWS\System32\Wbem;C:\WINDOWS\System32\WindowsPowerShell\v1.0\;C:\WINDOWS\System32\OpenSSH\;D:\Program Files\jdk-16\bin;D:\Program Files\VSCodium\bin;D:\Program Files\Git\cmd;C:\Users\larsi\AppData\Local\Microsoft\WindowsApps;
USERNAME=larsi
OS=Windows_NT
PROCESSOR_IDENTIFIER=AMD64 Family 23 Model 24 Stepping 1, AuthenticAMD



---------------  S Y S T E M  ---------------

OS:
 Windows 10 , 64 bit Build 22000 (10.0.22000.434)
OS uptime: 30 days 8:16 hours

CPU: total 8 (initial active 8) (8 cores per cpu, 2 threads per core) family 23 model 24 stepping 1 microcode 0x0, cx8, cmov, fxsr, ht, mmx, 3dnowpref, sse, sse2, sse3, ssse3, sse4a, sse4.1, sse4.2, popcnt, lzcnt, tsc, tscinvbit, avx, avx2, aes, clmul, bmi1, bmi2, adx, sha, fma, vzeroupper, clflush, clflushopt

Memory: 4k page, system-wide physical 7103M (1023M free)
TotalPageFile size 17343M (AvailPageFile size 57M)
current process WorkingSet (physical memory assigned to process): 10M, peak: 10M
current process commit charge ("private bytes"): 60M, peak: 172M

vm_info: OpenJDK 64-Bit Server VM (16+36-2231) for windows-amd64 JRE (16+36-2231), built on Feb  8 2021 11:39:36 by "mach5one" with MS VC++ 16.7 (VS2019)

END.
